\BOOKMARK [0][-]{chapter.1}{\376\377\0001\000\040\000N\000a\000m\000e\000s\000p\000a\000c\000e\000\040\000I\000n\000d\000e\000x}{}% 1
\BOOKMARK [1][-]{section.1.1}{\376\377\0001\000.\0001\000\040\000P\000a\000c\000k\000a\000g\000e\000s}{chapter.1}% 2
\BOOKMARK [0][-]{chapter.2}{\376\377\0002\000\040\000H\000i\000e\000r\000a\000r\000c\000h\000i\000c\000a\000l\000\040\000I\000n\000d\000e\000x}{}% 3
\BOOKMARK [1][-]{section.2.1}{\376\377\0002\000.\0001\000\040\000C\000l\000a\000s\000s\000\040\000H\000i\000e\000r\000a\000r\000c\000h\000y}{chapter.2}% 4
\BOOKMARK [0][-]{chapter.3}{\376\377\0003\000\040\000C\000l\000a\000s\000s\000\040\000I\000n\000d\000e\000x}{}% 5
\BOOKMARK [1][-]{section.3.1}{\376\377\0003\000.\0001\000\040\000C\000l\000a\000s\000s\000\040\000L\000i\000s\000t}{chapter.3}% 6
\BOOKMARK [0][-]{chapter.4}{\376\377\0004\000\040\000F\000i\000l\000e\000\040\000I\000n\000d\000e\000x}{}% 7
\BOOKMARK [1][-]{section.4.1}{\376\377\0004\000.\0001\000\040\000F\000i\000l\000e\000\040\000L\000i\000s\000t}{chapter.4}% 8
\BOOKMARK [0][-]{chapter.5}{\376\377\0005\000\040\000N\000a\000m\000e\000s\000p\000a\000c\000e\000\040\000D\000o\000c\000u\000m\000e\000n\000t\000a\000t\000i\000o\000n}{}% 9
\BOOKMARK [1][-]{section.5.1}{\376\377\0005\000.\0001\000\040\000b\000l\000o\000g\000\040\000N\000a\000m\000e\000s\000p\000a\000c\000e\000\040\000R\000e\000f\000e\000r\000e\000n\000c\000e}{chapter.5}% 10
\BOOKMARK [1][-]{section.5.2}{\376\377\0005\000.\0002\000\040\000b\000l\000o\000g\000.\000a\000d\000m\000i\000n\000\040\000N\000a\000m\000e\000s\000p\000a\000c\000e\000\040\000R\000e\000f\000e\000r\000e\000n\000c\000e}{chapter.5}% 11
\BOOKMARK [1][-]{section.5.3}{\376\377\0005\000.\0003\000\040\000b\000l\000o\000g\000.\000a\000p\000p\000s\000\040\000N\000a\000m\000e\000s\000p\000a\000c\000e\000\040\000R\000e\000f\000e\000r\000e\000n\000c\000e}{chapter.5}% 12
\BOOKMARK [1][-]{section.5.4}{\376\377\0005\000.\0004\000\040\000b\000l\000o\000g\000.\000f\000o\000r\000m\000s\000\040\000N\000a\000m\000e\000s\000p\000a\000c\000e\000\040\000R\000e\000f\000e\000r\000e\000n\000c\000e}{chapter.5}% 13
\BOOKMARK [1][-]{section.5.5}{\376\377\0005\000.\0005\000\040\000b\000l\000o\000g\000.\000m\000i\000g\000r\000a\000t\000i\000o\000n\000s\000\040\000N\000a\000m\000e\000s\000p\000a\000c\000e\000\040\000R\000e\000f\000e\000r\000e\000n\000c\000e}{chapter.5}% 14
\BOOKMARK [1][-]{section.5.6}{\376\377\0005\000.\0006\000\040\000b\000l\000o\000g\000.\000m\000i\000g\000r\000a\000t\000i\000o\000n\000s\000.\0000\0000\0000\0001\000\137\000i\000n\000i\000t\000i\000a\000l\000\040\000N\000a\000m\000e\000s\000p\000a\000c\000e\000\040\000R\000e\000f\000e\000r\000e\000n\000c\000e}{chapter.5}% 15
\BOOKMARK [1][-]{section.5.7}{\376\377\0005\000.\0007\000\040\000b\000l\000o\000g\000.\000m\000i\000g\000r\000a\000t\000i\000o\000n\000s\000.\0000\0000\0000\0002\000\137\000a\000u\000t\000o\000\137\0002\0000\0002\0000\0001\0002\0000\0006\000\137\0001\0005\0002\0007\000\040\000N\000a\000m\000e\000s\000p\000a\000c\000e\000\040\000R\000e\000f\000e\000r\000e\000n\000c\000e}{chapter.5}% 16
\BOOKMARK [1][-]{section.5.8}{\376\377\0005\000.\0008\000\040\000b\000l\000o\000g\000.\000m\000o\000d\000e\000l\000s\000\040\000N\000a\000m\000e\000s\000p\000a\000c\000e\000\040\000R\000e\000f\000e\000r\000e\000n\000c\000e}{chapter.5}% 17
\BOOKMARK [1][-]{section.5.9}{\376\377\0005\000.\0009\000\040\000b\000l\000o\000g\000.\000t\000e\000s\000t\000s\000\040\000N\000a\000m\000e\000s\000p\000a\000c\000e\000\040\000R\000e\000f\000e\000r\000e\000n\000c\000e}{chapter.5}% 18
\BOOKMARK [1][-]{section.5.10}{\376\377\0005\000.\0001\0000\000\040\000b\000l\000o\000g\000.\000u\000r\000l\000s\000\040\000N\000a\000m\000e\000s\000p\000a\000c\000e\000\040\000R\000e\000f\000e\000r\000e\000n\000c\000e}{chapter.5}% 19
\BOOKMARK [2][-]{subsection.5.10.1}{\376\377\0005\000.\0001\0000\000.\0001\000\040\000V\000a\000r\000i\000a\000b\000l\000e\000\040\000D\000o\000c\000u\000m\000e\000n\000t\000a\000t\000i\000o\000n}{section.5.10}% 20
\BOOKMARK [3][-]{subsubsection.5.10.1.1}{\376\377\0005\000.\0001\0000\000.\0001\000.\0001\000\040\000u\000r\000l\000p\000a\000t\000t\000e\000r\000n\000s}{subsection.5.10.1}% 21
\BOOKMARK [1][-]{section.5.11}{\376\377\0005\000.\0001\0001\000\040\000b\000l\000o\000g\000.\000v\000i\000e\000w\000s\000\040\000N\000a\000m\000e\000s\000p\000a\000c\000e\000\040\000R\000e\000f\000e\000r\000e\000n\000c\000e}{chapter.5}% 22
\BOOKMARK [2][-]{subsection.5.11.1}{\376\377\0005\000.\0001\0001\000.\0001\000\040\000F\000u\000n\000c\000t\000i\000o\000n\000\040\000D\000o\000c\000u\000m\000e\000n\000t\000a\000t\000i\000o\000n}{section.5.11}% 23
\BOOKMARK [3][-]{subsubsection.5.11.1.1}{\376\377\0005\000.\0001\0001\000.\0001\000.\0001\000\040\000a\000b\000o\000u\000t\000\050\000\051}{subsection.5.11.1}% 24
\BOOKMARK [3][-]{subsubsection.5.11.1.2}{\376\377\0005\000.\0001\0001\000.\0001\000.\0002\000\040\000b\000u\000i\000l\000d\000e\000r\000\050\000\051}{subsection.5.11.1}% 25
\BOOKMARK [3][-]{subsubsection.5.11.1.3}{\376\377\0005\000.\0001\0001\000.\0001\000.\0003\000\040\000c\000r\000e\000a\000t\000e\000\050\000\051}{subsection.5.11.1}% 26
\BOOKMARK [3][-]{subsubsection.5.11.1.4}{\376\377\0005\000.\0001\0001\000.\0001\000.\0004\000\040\000c\000r\000e\000a\000t\000e\000\137\000f\000i\000l\000e\000\137\000i\000n\000\137\000f\000o\000l\000d\000e\000r\000\050\000\051}{subsection.5.11.1}% 27
\BOOKMARK [3][-]{subsubsection.5.11.1.5}{\376\377\0005\000.\0001\0001\000.\0001\000.\0005\000\040\000d\000e\000t\000a\000i\000l\000\050\000\051}{subsection.5.11.1}% 28
\BOOKMARK [3][-]{subsubsection.5.11.1.6}{\376\377\0005\000.\0001\0001\000.\0001\000.\0006\000\040\000f\000o\000l\000d\000e\000r\000v\000i\000e\000w\000\050\000\051}{subsection.5.11.1}% 29
\BOOKMARK [3][-]{subsubsection.5.11.1.7}{\376\377\0005\000.\0001\0001\000.\0001\000.\0007\000\040\000h\000o\000m\000e\000\050\000\051}{subsection.5.11.1}% 30
\BOOKMARK [1][-]{section.5.12}{\376\377\0005\000.\0001\0002\000\040\000d\000j\000a\000n\000g\000o\000\137\000p\000r\000o\000j\000e\000c\000t\000\040\000N\000a\000m\000e\000s\000p\000a\000c\000e\000\040\000R\000e\000f\000e\000r\000e\000n\000c\000e}{chapter.5}% 31
\BOOKMARK [1][-]{section.5.13}{\376\377\0005\000.\0001\0003\000\040\000d\000j\000a\000n\000g\000o\000\137\000p\000r\000o\000j\000e\000c\000t\000.\000a\000s\000g\000i\000\040\000N\000a\000m\000e\000s\000p\000a\000c\000e\000\040\000R\000e\000f\000e\000r\000e\000n\000c\000e}{chapter.5}% 32
\BOOKMARK [2][-]{subsection.5.13.1}{\376\377\0005\000.\0001\0003\000.\0001\000\040\000D\000e\000t\000a\000i\000l\000e\000d\000\040\000D\000e\000s\000c\000r\000i\000p\000t\000i\000o\000n}{section.5.13}% 33
\BOOKMARK [2][-]{subsection.5.13.2}{\376\377\0005\000.\0001\0003\000.\0002\000\040\000V\000a\000r\000i\000a\000b\000l\000e\000\040\000D\000o\000c\000u\000m\000e\000n\000t\000a\000t\000i\000o\000n}{section.5.13}% 34
\BOOKMARK [3][-]{subsubsection.5.13.2.1}{\376\377\0005\000.\0001\0003\000.\0002\000.\0001\000\040\000a\000p\000p\000l\000i\000c\000a\000t\000i\000o\000n}{subsection.5.13.2}% 35
\BOOKMARK [1][-]{section.5.14}{\376\377\0005\000.\0001\0004\000\040\000d\000j\000a\000n\000g\000o\000\137\000p\000r\000o\000j\000e\000c\000t\000.\000s\000e\000t\000t\000i\000n\000g\000s\000\040\000N\000a\000m\000e\000s\000p\000a\000c\000e\000\040\000R\000e\000f\000e\000r\000e\000n\000c\000e}{chapter.5}% 36
\BOOKMARK [2][-]{subsection.5.14.1}{\376\377\0005\000.\0001\0004\000.\0001\000\040\000D\000e\000t\000a\000i\000l\000e\000d\000\040\000D\000e\000s\000c\000r\000i\000p\000t\000i\000o\000n}{section.5.14}% 37
\BOOKMARK [2][-]{subsection.5.14.2}{\376\377\0005\000.\0001\0004\000.\0002\000\040\000V\000a\000r\000i\000a\000b\000l\000e\000\040\000D\000o\000c\000u\000m\000e\000n\000t\000a\000t\000i\000o\000n}{section.5.14}% 38
\BOOKMARK [3][-]{subsubsection.5.14.2.1}{\376\377\0005\000.\0001\0004\000.\0002\000.\0001\000\040\000A\000L\000L\000O\000W\000E\000D\000\137\000H\000O\000S\000T\000S}{subsection.5.14.2}% 39
\BOOKMARK [3][-]{subsubsection.5.14.2.2}{\376\377\0005\000.\0001\0004\000.\0002\000.\0002\000\040\000A\000U\000T\000H\000\137\000P\000A\000S\000S\000W\000O\000R\000D\000\137\000V\000A\000L\000I\000D\000A\000T\000O\000R\000S}{subsection.5.14.2}% 40
\BOOKMARK [3][-]{subsubsection.5.14.2.3}{\376\377\0005\000.\0001\0004\000.\0002\000.\0003\000\040\000B\000A\000S\000E\000\137\000D\000I\000R}{subsection.5.14.2}% 41
\BOOKMARK [3][-]{subsubsection.5.14.2.4}{\376\377\0005\000.\0001\0004\000.\0002\000.\0004\000\040\000C\000R\000I\000S\000P\000Y\000\137\000T\000E\000M\000P\000L\000A\000T\000E\000\137\000P\000A\000C\000K}{subsection.5.14.2}% 42
\BOOKMARK [3][-]{subsubsection.5.14.2.5}{\376\377\0005\000.\0001\0004\000.\0002\000.\0005\000\040\000D\000A\000T\000A\000B\000A\000S\000E\000S}{subsection.5.14.2}% 43
\BOOKMARK [3][-]{subsubsection.5.14.2.6}{\376\377\0005\000.\0001\0004\000.\0002\000.\0006\000\040\000D\000E\000B\000U\000G}{subsection.5.14.2}% 44
\BOOKMARK [3][-]{subsubsection.5.14.2.7}{\376\377\0005\000.\0001\0004\000.\0002\000.\0007\000\040\000I\000N\000S\000T\000A\000L\000L\000E\000D\000\137\000A\000P\000P\000S}{subsection.5.14.2}% 45
\BOOKMARK [3][-]{subsubsection.5.14.2.8}{\376\377\0005\000.\0001\0004\000.\0002\000.\0008\000\040\000L\000A\000N\000G\000U\000A\000G\000E\000\137\000C\000O\000D\000E}{subsection.5.14.2}% 46
\BOOKMARK [3][-]{subsubsection.5.14.2.9}{\376\377\0005\000.\0001\0004\000.\0002\000.\0009\000\040\000L\000O\000G\000I\000N\000\137\000R\000E\000D\000I\000R\000E\000C\000T\000\137\000U\000R\000L}{subsection.5.14.2}% 47
\BOOKMARK [3][-]{subsubsection.5.14.2.10}{\376\377\0005\000.\0001\0004\000.\0002\000.\0001\0000\000\040\000M\000E\000D\000I\000A\000\137\000R\000O\000O\000T}{subsection.5.14.2}% 48
\BOOKMARK [3][-]{subsubsection.5.14.2.11}{\376\377\0005\000.\0001\0004\000.\0002\000.\0001\0001\000\040\000M\000E\000D\000I\000A\000\137\000U\000R\000L}{subsection.5.14.2}% 49
\BOOKMARK [3][-]{subsubsection.5.14.2.12}{\376\377\0005\000.\0001\0004\000.\0002\000.\0001\0002\000\040\000M\000I\000D\000D\000L\000E\000W\000A\000R\000E}{subsection.5.14.2}% 50
\BOOKMARK [3][-]{subsubsection.5.14.2.13}{\376\377\0005\000.\0001\0004\000.\0002\000.\0001\0003\000\040\000R\000O\000O\000T\000\137\000U\000R\000L\000C\000O\000N\000F}{subsection.5.14.2}% 51
\BOOKMARK [3][-]{subsubsection.5.14.2.14}{\376\377\0005\000.\0001\0004\000.\0002\000.\0001\0004\000\040\000S\000E\000C\000R\000E\000T\000\137\000K\000E\000Y}{subsection.5.14.2}% 52
\BOOKMARK [3][-]{subsubsection.5.14.2.15}{\376\377\0005\000.\0001\0004\000.\0002\000.\0001\0005\000\040\000S\000T\000A\000T\000I\000C\000\137\000U\000R\000L}{subsection.5.14.2}% 53
\BOOKMARK [3][-]{subsubsection.5.14.2.16}{\376\377\0005\000.\0001\0004\000.\0002\000.\0001\0006\000\040\000T\000E\000M\000P\000L\000A\000T\000E\000S}{subsection.5.14.2}% 54
\BOOKMARK [3][-]{subsubsection.5.14.2.17}{\376\377\0005\000.\0001\0004\000.\0002\000.\0001\0007\000\040\000T\000I\000M\000E\000\137\000Z\000O\000N\000E}{subsection.5.14.2}% 55
\BOOKMARK [3][-]{subsubsection.5.14.2.18}{\376\377\0005\000.\0001\0004\000.\0002\000.\0001\0008\000\040\000U\000S\000E\000\137\000I\0001\0008\000N}{subsection.5.14.2}% 56
\BOOKMARK [3][-]{subsubsection.5.14.2.19}{\376\377\0005\000.\0001\0004\000.\0002\000.\0001\0009\000\040\000U\000S\000E\000\137\000L\0001\0000\000N}{subsection.5.14.2}% 57
\BOOKMARK [3][-]{subsubsection.5.14.2.20}{\376\377\0005\000.\0001\0004\000.\0002\000.\0002\0000\000\040\000U\000S\000E\000\137\000T\000Z}{subsection.5.14.2}% 58
\BOOKMARK [3][-]{subsubsection.5.14.2.21}{\376\377\0005\000.\0001\0004\000.\0002\000.\0002\0001\000\040\000W\000S\000G\000I\000\137\000A\000P\000P\000L\000I\000C\000A\000T\000I\000O\000N}{subsection.5.14.2}% 59
\BOOKMARK [1][-]{section.5.15}{\376\377\0005\000.\0001\0005\000\040\000d\000j\000a\000n\000g\000o\000\137\000p\000r\000o\000j\000e\000c\000t\000.\000u\000r\000l\000s\000\040\000N\000a\000m\000e\000s\000p\000a\000c\000e\000\040\000R\000e\000f\000e\000r\000e\000n\000c\000e}{chapter.5}% 60
\BOOKMARK [2][-]{subsection.5.15.1}{\376\377\0005\000.\0001\0005\000.\0001\000\040\000V\000a\000r\000i\000a\000b\000l\000e\000\040\000D\000o\000c\000u\000m\000e\000n\000t\000a\000t\000i\000o\000n}{section.5.15}% 61
\BOOKMARK [3][-]{subsubsection.5.15.1.1}{\376\377\0005\000.\0001\0005\000.\0001\000.\0001\000\040\000d\000o\000c\000u\000m\000e\000n\000t\000\137\000r\000o\000o\000t}{subsection.5.15.1}% 62
\BOOKMARK [3][-]{subsubsection.5.15.1.2}{\376\377\0005\000.\0001\0005\000.\0001\000.\0002\000\040\000M\000E\000D\000I\000A\000\137\000U\000R\000L}{subsection.5.15.1}% 63
\BOOKMARK [3][-]{subsubsection.5.15.1.3}{\376\377\0005\000.\0001\0005\000.\0001\000.\0003\000\040\000u\000r\000l\000p\000a\000t\000t\000e\000r\000n\000s}{subsection.5.15.1}% 64
\BOOKMARK [1][-]{section.5.16}{\376\377\0005\000.\0001\0006\000\040\000d\000j\000a\000n\000g\000o\000\137\000p\000r\000o\000j\000e\000c\000t\000.\000w\000s\000g\000i\000\040\000N\000a\000m\000e\000s\000p\000a\000c\000e\000\040\000R\000e\000f\000e\000r\000e\000n\000c\000e}{chapter.5}% 65
\BOOKMARK [2][-]{subsection.5.16.1}{\376\377\0005\000.\0001\0006\000.\0001\000\040\000D\000e\000t\000a\000i\000l\000e\000d\000\040\000D\000e\000s\000c\000r\000i\000p\000t\000i\000o\000n}{section.5.16}% 66
\BOOKMARK [2][-]{subsection.5.16.2}{\376\377\0005\000.\0001\0006\000.\0002\000\040\000V\000a\000r\000i\000a\000b\000l\000e\000\040\000D\000o\000c\000u\000m\000e\000n\000t\000a\000t\000i\000o\000n}{section.5.16}% 67
\BOOKMARK [3][-]{subsubsection.5.16.2.1}{\376\377\0005\000.\0001\0006\000.\0002\000.\0001\000\040\000a\000p\000p\000l\000i\000c\000a\000t\000i\000o\000n}{subsection.5.16.2}% 68
\BOOKMARK [1][-]{section.5.17}{\376\377\0005\000.\0001\0007\000\040\000m\000a\000n\000a\000g\000e\000\040\000N\000a\000m\000e\000s\000p\000a\000c\000e\000\040\000R\000e\000f\000e\000r\000e\000n\000c\000e}{chapter.5}% 69
\BOOKMARK [2][-]{subsection.5.17.1}{\376\377\0005\000.\0001\0007\000.\0001\000\040\000D\000e\000t\000a\000i\000l\000e\000d\000\040\000D\000e\000s\000c\000r\000i\000p\000t\000i\000o\000n}{section.5.17}% 70
\BOOKMARK [2][-]{subsection.5.17.2}{\376\377\0005\000.\0001\0007\000.\0002\000\040\000F\000u\000n\000c\000t\000i\000o\000n\000\040\000D\000o\000c\000u\000m\000e\000n\000t\000a\000t\000i\000o\000n}{section.5.17}% 71
\BOOKMARK [3][-]{subsubsection.5.17.2.1}{\376\377\0005\000.\0001\0007\000.\0002\000.\0001\000\040\000m\000a\000i\000n\000\050\000\051}{subsection.5.17.2}% 72
\BOOKMARK [1][-]{section.5.18}{\376\377\0005\000.\0001\0008\000\040\000o\000k\000\040\000N\000a\000m\000e\000s\000p\000a\000c\000e\000\040\000R\000e\000f\000e\000r\000e\000n\000c\000e}{chapter.5}% 73
\BOOKMARK [1][-]{section.5.19}{\376\377\0005\000.\0001\0009\000\040\000t\000e\000s\000t\000\040\000N\000a\000m\000e\000s\000p\000a\000c\000e\000\040\000R\000e\000f\000e\000r\000e\000n\000c\000e}{chapter.5}% 74
\BOOKMARK [2][-]{subsection.5.19.1}{\376\377\0005\000.\0001\0009\000.\0001\000\040\000V\000a\000r\000i\000a\000b\000l\000e\000\040\000D\000o\000c\000u\000m\000e\000n\000t\000a\000t\000i\000o\000n}{section.5.19}% 75
\BOOKMARK [3][-]{subsubsection.5.19.1.1}{\376\377\0005\000.\0001\0009\000.\0001\000.\0001\000\040\000a}{subsection.5.19.1}% 76
\BOOKMARK [3][-]{subsubsection.5.19.1.2}{\376\377\0005\000.\0001\0009\000.\0001\000.\0002\000\040\000b}{subsection.5.19.1}% 77
\BOOKMARK [1][-]{section.5.20}{\376\377\0005\000.\0002\0000\000\040\000t\000i\000m\000e\000\040\000N\000a\000m\000e\000s\000p\000a\000c\000e\000\040\000R\000e\000f\000e\000r\000e\000n\000c\000e}{chapter.5}% 78
\BOOKMARK [2][-]{subsection.5.20.1}{\376\377\0005\000.\0002\0000\000.\0001\000\040\000F\000u\000n\000c\000t\000i\000o\000n\000\040\000D\000o\000c\000u\000m\000e\000n\000t\000a\000t\000i\000o\000n}{section.5.20}% 79
\BOOKMARK [3][-]{subsubsection.5.20.1.1}{\376\377\0005\000.\0002\0000\000.\0001\000.\0001\000\040\000f\000\050\000\051}{subsection.5.20.1}% 80
\BOOKMARK [2][-]{subsection.5.20.2}{\376\377\0005\000.\0002\0000\000.\0002\000\040\000V\000a\000r\000i\000a\000b\000l\000e\000\040\000D\000o\000c\000u\000m\000e\000n\000t\000a\000t\000i\000o\000n}{section.5.20}% 81
\BOOKMARK [3][-]{subsubsection.5.20.2.1}{\376\377\0005\000.\0002\0000\000.\0002\000.\0001\000\040\000a}{subsection.5.20.2}% 82
\BOOKMARK [1][-]{section.5.21}{\376\377\0005\000.\0002\0001\000\040\000u\000s\000e\000r\000s\000\040\000N\000a\000m\000e\000s\000p\000a\000c\000e\000\040\000R\000e\000f\000e\000r\000e\000n\000c\000e}{chapter.5}% 83
\BOOKMARK [1][-]{section.5.22}{\376\377\0005\000.\0002\0002\000\040\000u\000s\000e\000r\000s\000.\000a\000d\000m\000i\000n\000\040\000N\000a\000m\000e\000s\000p\000a\000c\000e\000\040\000R\000e\000f\000e\000r\000e\000n\000c\000e}{chapter.5}% 84
\BOOKMARK [1][-]{section.5.23}{\376\377\0005\000.\0002\0003\000\040\000u\000s\000e\000r\000s\000.\000a\000p\000p\000s\000\040\000N\000a\000m\000e\000s\000p\000a\000c\000e\000\040\000R\000e\000f\000e\000r\000e\000n\000c\000e}{chapter.5}% 85
\BOOKMARK [1][-]{section.5.24}{\376\377\0005\000.\0002\0004\000\040\000u\000s\000e\000r\000s\000.\000f\000o\000r\000m\000s\000\040\000N\000a\000m\000e\000s\000p\000a\000c\000e\000\040\000R\000e\000f\000e\000r\000e\000n\000c\000e}{chapter.5}% 86
\BOOKMARK [1][-]{section.5.25}{\376\377\0005\000.\0002\0005\000\040\000u\000s\000e\000r\000s\000.\000m\000i\000g\000r\000a\000t\000i\000o\000n\000s\000\040\000N\000a\000m\000e\000s\000p\000a\000c\000e\000\040\000R\000e\000f\000e\000r\000e\000n\000c\000e}{chapter.5}% 87
\BOOKMARK [1][-]{section.5.26}{\376\377\0005\000.\0002\0006\000\040\000u\000s\000e\000r\000s\000.\000m\000i\000g\000r\000a\000t\000i\000o\000n\000s\000.\0000\0000\0000\0001\000\137\000i\000n\000i\000t\000i\000a\000l\000\040\000N\000a\000m\000e\000s\000p\000a\000c\000e\000\040\000R\000e\000f\000e\000r\000e\000n\000c\000e}{chapter.5}% 88
\BOOKMARK [1][-]{section.5.27}{\376\377\0005\000.\0002\0007\000\040\000u\000s\000e\000r\000s\000.\000m\000i\000g\000r\000a\000t\000i\000o\000n\000s\000.\0000\0000\0000\0002\000\137\000s\000n\000i\000p\000p\000e\000t\000\040\000N\000a\000m\000e\000s\000p\000a\000c\000e\000\040\000R\000e\000f\000e\000r\000e\000n\000c\000e}{chapter.5}% 89
\BOOKMARK [1][-]{section.5.28}{\376\377\0005\000.\0002\0008\000\040\000u\000s\000e\000r\000s\000.\000m\000o\000d\000e\000l\000s\000\040\000N\000a\000m\000e\000s\000p\000a\000c\000e\000\040\000R\000e\000f\000e\000r\000e\000n\000c\000e}{chapter.5}% 90
\BOOKMARK [1][-]{section.5.29}{\376\377\0005\000.\0002\0009\000\040\000u\000s\000e\000r\000s\000.\000s\000i\000g\000n\000a\000l\000s\000\040\000N\000a\000m\000e\000s\000p\000a\000c\000e\000\040\000R\000e\000f\000e\000r\000e\000n\000c\000e}{chapter.5}% 91
\BOOKMARK [2][-]{subsection.5.29.1}{\376\377\0005\000.\0002\0009\000.\0001\000\040\000F\000u\000n\000c\000t\000i\000o\000n\000\040\000D\000o\000c\000u\000m\000e\000n\000t\000a\000t\000i\000o\000n}{section.5.29}% 92
\BOOKMARK [3][-]{subsubsection.5.29.1.1}{\376\377\0005\000.\0002\0009\000.\0001\000.\0001\000\040\000c\000r\000e\000a\000t\000e\000\137\000p\000r\000o\000f\000i\000l\000e\000\050\000\051}{subsection.5.29.1}% 93
\BOOKMARK [3][-]{subsubsection.5.29.1.2}{\376\377\0005\000.\0002\0009\000.\0001\000.\0002\000\040\000s\000a\000v\000e\000\137\000p\000r\000o\000f\000i\000l\000e\000\050\000\051}{subsection.5.29.1}% 94
\BOOKMARK [2][-]{subsection.5.29.2}{\376\377\0005\000.\0002\0009\000.\0002\000\040\000V\000a\000r\000i\000a\000b\000l\000e\000\040\000D\000o\000c\000u\000m\000e\000n\000t\000a\000t\000i\000o\000n}{section.5.29}% 95
\BOOKMARK [3][-]{subsubsection.5.29.2.1}{\376\377\0005\000.\0002\0009\000.\0002\000.\0001\000\040\000p\000o\000s\000t\000\137\000s\000a\000v\000e}{subsection.5.29.2}% 96
\BOOKMARK [3][-]{subsubsection.5.29.2.2}{\376\377\0005\000.\0002\0009\000.\0002\000.\0002\000\040\000s\000e\000n\000d\000e\000r}{subsection.5.29.2}% 97
\BOOKMARK [1][-]{section.5.30}{\376\377\0005\000.\0003\0000\000\040\000u\000s\000e\000r\000s\000.\000t\000e\000s\000t\000s\000\040\000N\000a\000m\000e\000s\000p\000a\000c\000e\000\040\000R\000e\000f\000e\000r\000e\000n\000c\000e}{chapter.5}% 98
\BOOKMARK [1][-]{section.5.31}{\376\377\0005\000.\0003\0001\000\040\000u\000s\000e\000r\000s\000.\000v\000i\000e\000w\000s\000\040\000N\000a\000m\000e\000s\000p\000a\000c\000e\000\040\000R\000e\000f\000e\000r\000e\000n\000c\000e}{chapter.5}% 99
\BOOKMARK [2][-]{subsection.5.31.1}{\376\377\0005\000.\0003\0001\000.\0001\000\040\000F\000u\000n\000c\000t\000i\000o\000n\000\040\000D\000o\000c\000u\000m\000e\000n\000t\000a\000t\000i\000o\000n}{section.5.31}% 100
\BOOKMARK [3][-]{subsubsection.5.31.1.1}{\376\377\0005\000.\0003\0001\000.\0001\000.\0001\000\040\000b\000u\000i\000l\000d\000e\000r\000\050\000\051}{subsection.5.31.1}% 101
\BOOKMARK [3][-]{subsubsection.5.31.1.2}{\376\377\0005\000.\0003\0001\000.\0001\000.\0002\000\040\000c\000o\000d\000e\000v\000i\000e\000w\000e\000r\000\050\000\051}{subsection.5.31.1}% 102
\BOOKMARK [3][-]{subsubsection.5.31.1.3}{\376\377\0005\000.\0003\0001\000.\0001\000.\0003\000\040\000p\000r\000o\000f\000i\000l\000e\000\050\000\051}{subsection.5.31.1}% 103
\BOOKMARK [3][-]{subsubsection.5.31.1.4}{\376\377\0005\000.\0003\0001\000.\0001\000.\0004\000\040\000r\000e\000g\000i\000s\000t\000e\000r\000\050\000\051}{subsection.5.31.1}% 104
\BOOKMARK [3][-]{subsubsection.5.31.1.5}{\376\377\0005\000.\0003\0001\000.\0001\000.\0005\000\040\000s\000i\000m\000p\000l\000e\000\050\000\051}{subsection.5.31.1}% 105
\BOOKMARK [2][-]{subsection.5.31.2}{\376\377\0005\000.\0003\0001\000.\0002\000\040\000V\000a\000r\000i\000a\000b\000l\000e\000\040\000D\000o\000c\000u\000m\000e\000n\000t\000a\000t\000i\000o\000n}{section.5.31}% 106
\BOOKMARK [3][-]{subsubsection.5.31.2.1}{\376\377\0005\000.\0003\0001\000.\0002\000.\0001\000\040\000t\000o\000p}{subsection.5.31.2}% 107
\BOOKMARK [0][-]{chapter.6}{\376\377\0006\000\040\000C\000l\000a\000s\000s\000\040\000D\000o\000c\000u\000m\000e\000n\000t\000a\000t\000i\000o\000n}{}% 108
\BOOKMARK [1][-]{section.6.1}{\376\377\0006\000.\0001\000\040\000B\000l\000o\000g\000C\000o\000n\000f\000i\000g\000\040\000C\000l\000a\000s\000s\000\040\000R\000e\000f\000e\000r\000e\000n\000c\000e}{chapter.6}% 109
\BOOKMARK [2][-]{subsection.6.1.1}{\376\377\0006\000.\0001\000.\0001\000\040\000M\000e\000m\000b\000e\000r\000\040\000D\000a\000t\000a\000\040\000D\000o\000c\000u\000m\000e\000n\000t\000a\000t\000i\000o\000n}{section.6.1}% 110
\BOOKMARK [3][-]{subsubsection.6.1.1.1}{\376\377\0006\000.\0001\000.\0001\000.\0001\000\040\000n\000a\000m\000e}{subsection.6.1.1}% 111
\BOOKMARK [1][-]{section.6.2}{\376\377\0006\000.\0002\000\040\000C\000r\000e\000a\000t\000e\000F\000i\000l\000e\000F\000o\000r\000m\000\040\000C\000l\000a\000s\000s\000\040\000R\000e\000f\000e\000r\000e\000n\000c\000e}{chapter.6}% 112
\BOOKMARK [2][-]{subsection.6.2.1}{\376\377\0006\000.\0002\000.\0001\000\040\000D\000e\000t\000a\000i\000l\000e\000d\000\040\000D\000e\000s\000c\000r\000i\000p\000t\000i\000o\000n}{section.6.2}% 113
\BOOKMARK [1][-]{section.6.3}{\376\377\0006\000.\0003\000\040\000S\000n\000i\000p\000p\000e\000t\000F\000o\000r\000m\000.\000M\000e\000t\000a\000\040\000C\000l\000a\000s\000s\000\040\000R\000e\000f\000e\000r\000e\000n\000c\000e}{chapter.6}% 114
\BOOKMARK [2][-]{subsection.6.3.1}{\376\377\0006\000.\0003\000.\0001\000\040\000M\000e\000m\000b\000e\000r\000\040\000D\000a\000t\000a\000\040\000D\000o\000c\000u\000m\000e\000n\000t\000a\000t\000i\000o\000n}{section.6.3}% 115
\BOOKMARK [3][-]{subsubsection.6.3.1.1}{\376\377\0006\000.\0003\000.\0001\000.\0001\000\040\000e\000x\000c\000l\000u\000d\000e}{subsection.6.3.1}% 116
\BOOKMARK [3][-]{subsubsection.6.3.1.2}{\376\377\0006\000.\0003\000.\0001\000.\0002\000\040\000m\000o\000d\000e\000l}{subsection.6.3.1}% 117
\BOOKMARK [3][-]{subsubsection.6.3.1.3}{\376\377\0006\000.\0003\000.\0001\000.\0003\000\040\000w\000i\000d\000g\000e\000t\000s}{subsection.6.3.1}% 118
\BOOKMARK [1][-]{section.6.4}{\376\377\0006\000.\0004\000\040\000U\000s\000e\000r\000R\000e\000g\000i\000s\000t\000e\000r\000F\000o\000r\000m\000.\000M\000e\000t\000a\000\040\000C\000l\000a\000s\000s\000\040\000R\000e\000f\000e\000r\000e\000n\000c\000e}{chapter.6}% 119
\BOOKMARK [2][-]{subsection.6.4.1}{\376\377\0006\000.\0004\000.\0001\000\040\000M\000e\000m\000b\000e\000r\000\040\000D\000a\000t\000a\000\040\000D\000o\000c\000u\000m\000e\000n\000t\000a\000t\000i\000o\000n}{section.6.4}% 120
\BOOKMARK [3][-]{subsubsection.6.4.1.1}{\376\377\0006\000.\0004\000.\0001\000.\0001\000\040\000f\000i\000e\000l\000d\000s}{subsection.6.4.1}% 121
\BOOKMARK [3][-]{subsubsection.6.4.1.2}{\376\377\0006\000.\0004\000.\0001\000.\0002\000\040\000m\000o\000d\000e\000l}{subsection.6.4.1}% 122
\BOOKMARK [1][-]{section.6.5}{\376\377\0006\000.\0005\000\040\000S\000n\000i\000p\000p\000e\000t\000.\000M\000e\000t\000a\000\040\000C\000l\000a\000s\000s\000\040\000R\000e\000f\000e\000r\000e\000n\000c\000e}{chapter.6}% 123
\BOOKMARK [2][-]{subsection.6.5.1}{\376\377\0006\000.\0005\000.\0001\000\040\000M\000e\000m\000b\000e\000r\000\040\000D\000a\000t\000a\000\040\000D\000o\000c\000u\000m\000e\000n\000t\000a\000t\000i\000o\000n}{section.6.5}% 124
\BOOKMARK [3][-]{subsubsection.6.5.1.1}{\376\377\0006\000.\0005\000.\0001\000.\0001\000\040\000o\000r\000d\000e\000r\000i\000n\000g}{subsection.6.5.1}% 125
\BOOKMARK [1][-]{section.6.6}{\376\377\0006\000.\0006\000\040\000C\000r\000e\000a\000t\000e\000F\000i\000l\000e\000F\000o\000r\000m\000.\000M\000e\000t\000a\000\040\000C\000l\000a\000s\000s\000\040\000R\000e\000f\000e\000r\000e\000n\000c\000e}{chapter.6}% 126
\BOOKMARK [2][-]{subsection.6.6.1}{\376\377\0006\000.\0006\000.\0001\000\040\000D\000e\000t\000a\000i\000l\000e\000d\000\040\000D\000e\000s\000c\000r\000i\000p\000t\000i\000o\000n}{section.6.6}% 127
\BOOKMARK [2][-]{subsection.6.6.2}{\376\377\0006\000.\0006\000.\0002\000\040\000M\000e\000m\000b\000e\000r\000\040\000D\000a\000t\000a\000\040\000D\000o\000c\000u\000m\000e\000n\000t\000a\000t\000i\000o\000n}{section.6.6}% 128
\BOOKMARK [3][-]{subsubsection.6.6.2.1}{\376\377\0006\000.\0006\000.\0002\000.\0001\000\040\000f\000i\000e\000l\000d\000s}{subsection.6.6.2}% 129
\BOOKMARK [3][-]{subsubsection.6.6.2.2}{\376\377\0006\000.\0006\000.\0002\000.\0002\000\040\000m\000o\000d\000e\000l}{subsection.6.6.2}% 130
\BOOKMARK [1][-]{section.6.7}{\376\377\0006\000.\0007\000\040\000U\000s\000e\000r\000U\000p\000d\000a\000t\000e\000F\000o\000r\000m\000.\000M\000e\000t\000a\000\040\000C\000l\000a\000s\000s\000\040\000R\000e\000f\000e\000r\000e\000n\000c\000e}{chapter.6}% 131
\BOOKMARK [2][-]{subsection.6.7.1}{\376\377\0006\000.\0007\000.\0001\000\040\000M\000e\000m\000b\000e\000r\000\040\000D\000a\000t\000a\000\040\000D\000o\000c\000u\000m\000e\000n\000t\000a\000t\000i\000o\000n}{section.6.7}% 132
\BOOKMARK [3][-]{subsubsection.6.7.1.1}{\376\377\0006\000.\0007\000.\0001\000.\0001\000\040\000f\000i\000e\000l\000d\000s}{subsection.6.7.1}% 133
\BOOKMARK [3][-]{subsubsection.6.7.1.2}{\376\377\0006\000.\0007\000.\0001\000.\0002\000\040\000m\000o\000d\000e\000l}{subsection.6.7.1}% 134
\BOOKMARK [1][-]{section.6.8}{\376\377\0006\000.\0008\000\040\000P\000r\000o\000f\000i\000l\000e\000U\000p\000d\000a\000t\000e\000F\000o\000r\000m\000.\000M\000e\000t\000a\000\040\000C\000l\000a\000s\000s\000\040\000R\000e\000f\000e\000r\000e\000n\000c\000e}{chapter.6}% 135
\BOOKMARK [2][-]{subsection.6.8.1}{\376\377\0006\000.\0008\000.\0001\000\040\000M\000e\000m\000b\000e\000r\000\040\000D\000a\000t\000a\000\040\000D\000o\000c\000u\000m\000e\000n\000t\000a\000t\000i\000o\000n}{section.6.8}% 136
\BOOKMARK [3][-]{subsubsection.6.8.1.1}{\376\377\0006\000.\0008\000.\0001\000.\0001\000\040\000f\000i\000e\000l\000d\000s}{subsection.6.8.1}% 137
\BOOKMARK [3][-]{subsubsection.6.8.1.2}{\376\377\0006\000.\0008\000.\0001\000.\0002\000\040\000m\000o\000d\000e\000l}{subsection.6.8.1}% 138
\BOOKMARK [1][-]{section.6.9}{\376\377\0006\000.\0009\000\040\000M\000i\000g\000r\000a\000t\000i\000o\000n\000\040\000C\000l\000a\000s\000s\000\040\000R\000e\000f\000e\000r\000e\000n\000c\000e}{chapter.6}% 139
\BOOKMARK [2][-]{subsection.6.9.1}{\376\377\0006\000.\0009\000.\0001\000\040\000M\000e\000m\000b\000e\000r\000\040\000D\000a\000t\000a\000\040\000D\000o\000c\000u\000m\000e\000n\000t\000a\000t\000i\000o\000n}{section.6.9}% 140
\BOOKMARK [3][-]{subsubsection.6.9.1.1}{\376\377\0006\000.\0009\000.\0001\000.\0001\000\040\000d\000e\000p\000e\000n\000d\000e\000n\000c\000i\000e\000s}{subsection.6.9.1}% 141
\BOOKMARK [3][-]{subsubsection.6.9.1.2}{\376\377\0006\000.\0009\000.\0001\000.\0002\000\040\000i\000n\000i\000t\000i\000a\000l}{subsection.6.9.1}% 142
\BOOKMARK [3][-]{subsubsection.6.9.1.3}{\376\377\0006\000.\0009\000.\0001\000.\0003\000\040\000o\000p\000e\000r\000a\000t\000i\000o\000n\000s}{subsection.6.9.1}% 143
\BOOKMARK [1][-]{section.6.10}{\376\377\0006\000.\0001\0000\000\040\000M\000i\000g\000r\000a\000t\000i\000o\000n\000\040\000C\000l\000a\000s\000s\000\040\000R\000e\000f\000e\000r\000e\000n\000c\000e}{chapter.6}% 144
\BOOKMARK [2][-]{subsection.6.10.1}{\376\377\0006\000.\0001\0000\000.\0001\000\040\000M\000e\000m\000b\000e\000r\000\040\000D\000a\000t\000a\000\040\000D\000o\000c\000u\000m\000e\000n\000t\000a\000t\000i\000o\000n}{section.6.10}% 145
\BOOKMARK [3][-]{subsubsection.6.10.1.1}{\376\377\0006\000.\0001\0000\000.\0001\000.\0001\000\040\000d\000e\000p\000e\000n\000d\000e\000n\000c\000i\000e\000s}{subsection.6.10.1}% 146
\BOOKMARK [3][-]{subsubsection.6.10.1.2}{\376\377\0006\000.\0001\0000\000.\0001\000.\0002\000\040\000i\000n\000i\000t\000i\000a\000l}{subsection.6.10.1}% 147
\BOOKMARK [3][-]{subsubsection.6.10.1.3}{\376\377\0006\000.\0001\0000\000.\0001\000.\0003\000\040\000o\000p\000e\000r\000a\000t\000i\000o\000n\000s}{subsection.6.10.1}% 148
\BOOKMARK [1][-]{section.6.11}{\376\377\0006\000.\0001\0001\000\040\000M\000i\000g\000r\000a\000t\000i\000o\000n\000\040\000C\000l\000a\000s\000s\000\040\000R\000e\000f\000e\000r\000e\000n\000c\000e}{chapter.6}% 149
\BOOKMARK [2][-]{subsection.6.11.1}{\376\377\0006\000.\0001\0001\000.\0001\000\040\000M\000e\000m\000b\000e\000r\000\040\000D\000a\000t\000a\000\040\000D\000o\000c\000u\000m\000e\000n\000t\000a\000t\000i\000o\000n}{section.6.11}% 150
\BOOKMARK [3][-]{subsubsection.6.11.1.1}{\376\377\0006\000.\0001\0001\000.\0001\000.\0001\000\040\000d\000e\000p\000e\000n\000d\000e\000n\000c\000i\000e\000s}{subsection.6.11.1}% 151
\BOOKMARK [3][-]{subsubsection.6.11.1.2}{\376\377\0006\000.\0001\0001\000.\0001\000.\0002\000\040\000o\000p\000e\000r\000a\000t\000i\000o\000n\000s}{subsection.6.11.1}% 152
\BOOKMARK [1][-]{section.6.12}{\376\377\0006\000.\0001\0002\000\040\000M\000i\000g\000r\000a\000t\000i\000o\000n\000\040\000C\000l\000a\000s\000s\000\040\000R\000e\000f\000e\000r\000e\000n\000c\000e}{chapter.6}% 153
\BOOKMARK [2][-]{subsection.6.12.1}{\376\377\0006\000.\0001\0002\000.\0001\000\040\000M\000e\000m\000b\000e\000r\000\040\000D\000a\000t\000a\000\040\000D\000o\000c\000u\000m\000e\000n\000t\000a\000t\000i\000o\000n}{section.6.12}% 154
\BOOKMARK [3][-]{subsubsection.6.12.1.1}{\376\377\0006\000.\0001\0002\000.\0001\000.\0001\000\040\000d\000e\000p\000e\000n\000d\000e\000n\000c\000i\000e\000s}{subsection.6.12.1}% 155
\BOOKMARK [3][-]{subsubsection.6.12.1.2}{\376\377\0006\000.\0001\0002\000.\0001\000.\0002\000\040\000o\000p\000e\000r\000a\000t\000i\000o\000n\000s}{subsection.6.12.1}% 156
\BOOKMARK [1][-]{section.6.13}{\376\377\0006\000.\0001\0003\000\040\000n\000o\000d\000e\000\040\000C\000l\000a\000s\000s\000\040\000R\000e\000f\000e\000r\000e\000n\000c\000e}{chapter.6}% 157
\BOOKMARK [2][-]{subsection.6.13.1}{\376\377\0006\000.\0001\0003\000.\0001\000\040\000D\000e\000t\000a\000i\000l\000e\000d\000\040\000D\000e\000s\000c\000r\000i\000p\000t\000i\000o\000n}{section.6.13}% 158
\BOOKMARK [2][-]{subsection.6.13.2}{\376\377\0006\000.\0001\0003\000.\0002\000\040\000C\000o\000n\000s\000t\000r\000u\000c\000t\000o\000r\000\040\000\046\000\040\000D\000e\000s\000t\000r\000u\000c\000t\000o\000r\000\040\000D\000o\000c\000u\000m\000e\000n\000t\000a\000t\000i\000o\000n}{section.6.13}% 159
\BOOKMARK [3][-]{subsubsection.6.13.2.1}{\376\377\0006\000.\0001\0003\000.\0002\000.\0001\000\040\000\137\000\137\000i\000n\000i\000t\000\137\000\137\000\050\000\051}{subsection.6.13.2}% 160
\BOOKMARK [2][-]{subsection.6.13.3}{\376\377\0006\000.\0001\0003\000.\0003\000\040\000M\000e\000m\000b\000e\000r\000\040\000F\000u\000n\000c\000t\000i\000o\000n\000\040\000D\000o\000c\000u\000m\000e\000n\000t\000a\000t\000i\000o\000n}{section.6.13}% 161
\BOOKMARK [3][-]{subsubsection.6.13.3.1}{\376\377\0006\000.\0001\0003\000.\0003\000.\0001\000\040\000a\000d\000d\000\137\000c\000h\000i\000l\000d\000\050\000\051}{subsection.6.13.3}% 162
\BOOKMARK [2][-]{subsection.6.13.4}{\376\377\0006\000.\0001\0003\000.\0004\000\040\000M\000e\000m\000b\000e\000r\000\040\000D\000a\000t\000a\000\040\000D\000o\000c\000u\000m\000e\000n\000t\000a\000t\000i\000o\000n}{section.6.13}% 163
\BOOKMARK [3][-]{subsubsection.6.13.4.1}{\376\377\0006\000.\0001\0003\000.\0004\000.\0001\000\040\000c\000h\000i\000l\000d}{subsection.6.13.4}% 164
\BOOKMARK [3][-]{subsubsection.6.13.4.2}{\376\377\0006\000.\0001\0003\000.\0004\000.\0002\000\040\000n\000a\000m\000e}{subsection.6.13.4}% 165
\BOOKMARK [3][-]{subsubsection.6.13.4.3}{\376\377\0006\000.\0001\0003\000.\0004\000.\0003\000\040\000p\000a\000t\000h}{subsection.6.13.4}% 166
\BOOKMARK [3][-]{subsubsection.6.13.4.4}{\376\377\0006\000.\0001\0003\000.\0004\000.\0004\000\040\000s\000t\000a\000t}{subsection.6.13.4}% 167
\BOOKMARK [1][-]{section.6.14}{\376\377\0006\000.\0001\0004\000\040\000n\000o\000d\000e\000\040\000C\000l\000a\000s\000s\000\040\000R\000e\000f\000e\000r\000e\000n\000c\000e}{chapter.6}% 168
\BOOKMARK [2][-]{subsection.6.14.1}{\376\377\0006\000.\0001\0004\000.\0001\000\040\000D\000e\000t\000a\000i\000l\000e\000d\000\040\000D\000e\000s\000c\000r\000i\000p\000t\000i\000o\000n}{section.6.14}% 169
\BOOKMARK [2][-]{subsection.6.14.2}{\376\377\0006\000.\0001\0004\000.\0002\000\040\000C\000o\000n\000s\000t\000r\000u\000c\000t\000o\000r\000\040\000\046\000\040\000D\000e\000s\000t\000r\000u\000c\000t\000o\000r\000\040\000D\000o\000c\000u\000m\000e\000n\000t\000a\000t\000i\000o\000n}{section.6.14}% 170
\BOOKMARK [3][-]{subsubsection.6.14.2.1}{\376\377\0006\000.\0001\0004\000.\0002\000.\0001\000\040\000\137\000\137\000i\000n\000i\000t\000\137\000\137\000\050\000\051}{subsection.6.14.2}% 171
\BOOKMARK [2][-]{subsection.6.14.3}{\376\377\0006\000.\0001\0004\000.\0003\000\040\000M\000e\000m\000b\000e\000r\000\040\000F\000u\000n\000c\000t\000i\000o\000n\000\040\000D\000o\000c\000u\000m\000e\000n\000t\000a\000t\000i\000o\000n}{section.6.14}% 172
\BOOKMARK [3][-]{subsubsection.6.14.3.1}{\376\377\0006\000.\0001\0004\000.\0003\000.\0001\000\040\000a\000d\000d\000\137\000c\000h\000i\000l\000d\000\050\000\051}{subsection.6.14.3}% 173
\BOOKMARK [2][-]{subsection.6.14.4}{\376\377\0006\000.\0001\0004\000.\0004\000\040\000M\000e\000m\000b\000e\000r\000\040\000D\000a\000t\000a\000\040\000D\000o\000c\000u\000m\000e\000n\000t\000a\000t\000i\000o\000n}{section.6.14}% 174
\BOOKMARK [3][-]{subsubsection.6.14.4.1}{\376\377\0006\000.\0001\0004\000.\0004\000.\0001\000\040\000c\000h\000i\000l\000d}{subsection.6.14.4}% 175
\BOOKMARK [3][-]{subsubsection.6.14.4.2}{\376\377\0006\000.\0001\0004\000.\0004\000.\0002\000\040\000n\000a\000m\000e}{subsection.6.14.4}% 176
\BOOKMARK [3][-]{subsubsection.6.14.4.3}{\376\377\0006\000.\0001\0004\000.\0004\000.\0003\000\040\000p\000a\000t\000h}{subsection.6.14.4}% 177
\BOOKMARK [3][-]{subsubsection.6.14.4.4}{\376\377\0006\000.\0001\0004\000.\0004\000.\0004\000\040\000s\000t\000a\000t}{subsection.6.14.4}% 178
\BOOKMARK [1][-]{section.6.15}{\376\377\0006\000.\0001\0005\000\040\000P\000o\000s\000t\000\040\000C\000l\000a\000s\000s\000\040\000R\000e\000f\000e\000r\000e\000n\000c\000e}{chapter.6}% 179
\BOOKMARK [2][-]{subsection.6.15.1}{\376\377\0006\000.\0001\0005\000.\0001\000\040\000D\000e\000t\000a\000i\000l\000e\000d\000\040\000D\000e\000s\000c\000r\000i\000p\000t\000i\000o\000n}{section.6.15}% 180
\BOOKMARK [2][-]{subsection.6.15.2}{\376\377\0006\000.\0001\0005\000.\0002\000\040\000M\000e\000m\000b\000e\000r\000\040\000F\000u\000n\000c\000t\000i\000o\000n\000\040\000D\000o\000c\000u\000m\000e\000n\000t\000a\000t\000i\000o\000n}{section.6.15}% 181
\BOOKMARK [3][-]{subsubsection.6.15.2.1}{\376\377\0006\000.\0001\0005\000.\0002\000.\0001\000\040\000\137\000\137\000s\000t\000r\000\137\000\137\000\050\000\051}{subsection.6.15.2}% 182
\BOOKMARK [3][-]{subsubsection.6.15.2.2}{\376\377\0006\000.\0001\0005\000.\0002\000.\0002\000\040\000g\000e\000t\000\137\000a\000b\000s\000o\000l\000u\000t\000e\000\137\000u\000r\000l\000\050\000\051}{subsection.6.15.2}% 183
\BOOKMARK [2][-]{subsection.6.15.3}{\376\377\0006\000.\0001\0005\000.\0003\000\040\000M\000e\000m\000b\000e\000r\000\040\000D\000a\000t\000a\000\040\000D\000o\000c\000u\000m\000e\000n\000t\000a\000t\000i\000o\000n}{section.6.15}% 184
\BOOKMARK [3][-]{subsubsection.6.15.3.1}{\376\377\0006\000.\0001\0005\000.\0003\000.\0001\000\040\000a\000u\000t\000h\000o\000r}{subsection.6.15.3}% 185
\BOOKMARK [3][-]{subsubsection.6.15.3.2}{\376\377\0006\000.\0001\0005\000.\0003\000.\0002\000\040\000c\000o\000n\000t\000e\000n\000t}{subsection.6.15.3}% 186
\BOOKMARK [3][-]{subsubsection.6.15.3.3}{\376\377\0006\000.\0001\0005\000.\0003\000.\0003\000\040\000d\000a\000t\000e\000\137\000p\000o\000s\000t\000e\000d}{subsection.6.15.3}% 187
\BOOKMARK [3][-]{subsubsection.6.15.3.4}{\376\377\0006\000.\0001\0005\000.\0003\000.\0004\000\040\000t\000i\000t\000l\000e}{subsection.6.15.3}% 188
\BOOKMARK [1][-]{section.6.16}{\376\377\0006\000.\0001\0006\000\040\000P\000r\000o\000f\000i\000l\000e\000\040\000C\000l\000a\000s\000s\000\040\000R\000e\000f\000e\000r\000e\000n\000c\000e}{chapter.6}% 189
\BOOKMARK [2][-]{subsection.6.16.1}{\376\377\0006\000.\0001\0006\000.\0001\000\040\000D\000e\000t\000a\000i\000l\000e\000d\000\040\000D\000e\000s\000c\000r\000i\000p\000t\000i\000o\000n}{section.6.16}% 190
\BOOKMARK [2][-]{subsection.6.16.2}{\376\377\0006\000.\0001\0006\000.\0002\000\040\000M\000e\000m\000b\000e\000r\000\040\000F\000u\000n\000c\000t\000i\000o\000n\000\040\000D\000o\000c\000u\000m\000e\000n\000t\000a\000t\000i\000o\000n}{section.6.16}% 191
\BOOKMARK [3][-]{subsubsection.6.16.2.1}{\376\377\0006\000.\0001\0006\000.\0002\000.\0001\000\040\000\137\000\137\000s\000t\000r\000\137\000\137\000\050\000\051}{subsection.6.16.2}% 192
\BOOKMARK [3][-]{subsubsection.6.16.2.2}{\376\377\0006\000.\0001\0006\000.\0002\000.\0002\000\040\000s\000a\000v\000e\000\050\000\051}{subsection.6.16.2}% 193
\BOOKMARK [2][-]{subsection.6.16.3}{\376\377\0006\000.\0001\0006\000.\0003\000\040\000M\000e\000m\000b\000e\000r\000\040\000D\000a\000t\000a\000\040\000D\000o\000c\000u\000m\000e\000n\000t\000a\000t\000i\000o\000n}{section.6.16}% 194
\BOOKMARK [3][-]{subsubsection.6.16.3.1}{\376\377\0006\000.\0001\0006\000.\0003\000.\0001\000\040\000i\000m\000a\000g\000e}{subsection.6.16.3}% 195
\BOOKMARK [3][-]{subsubsection.6.16.3.2}{\376\377\0006\000.\0001\0006\000.\0003\000.\0002\000\040\000u\000s\000e\000r}{subsection.6.16.3}% 196
\BOOKMARK [1][-]{section.6.17}{\376\377\0006\000.\0001\0007\000\040\000P\000r\000o\000f\000i\000l\000e\000U\000p\000d\000a\000t\000e\000F\000o\000r\000m\000\040\000C\000l\000a\000s\000s\000\040\000R\000e\000f\000e\000r\000e\000n\000c\000e}{chapter.6}% 197
\BOOKMARK [1][-]{section.6.18}{\376\377\0006\000.\0001\0008\000\040\000S\000n\000i\000p\000p\000e\000t\000\040\000C\000l\000a\000s\000s\000\040\000R\000e\000f\000e\000r\000e\000n\000c\000e}{chapter.6}% 198
\BOOKMARK [2][-]{subsection.6.18.1}{\376\377\0006\000.\0001\0008\000.\0001\000\040\000D\000e\000t\000a\000i\000l\000e\000d\000\040\000D\000e\000s\000c\000r\000i\000p\000t\000i\000o\000n}{section.6.18}% 199
\BOOKMARK [2][-]{subsection.6.18.2}{\376\377\0006\000.\0001\0008\000.\0002\000\040\000M\000e\000m\000b\000e\000r\000\040\000D\000a\000t\000a\000\040\000D\000o\000c\000u\000m\000e\000n\000t\000a\000t\000i\000o\000n}{section.6.18}% 200
\BOOKMARK [3][-]{subsubsection.6.18.2.1}{\376\377\0006\000.\0001\0008\000.\0002\000.\0001\000\040\000c\000r\000e\000a\000t\000e\000d\000\137\000a\000t}{subsection.6.18.2}% 201
\BOOKMARK [3][-]{subsubsection.6.18.2.2}{\376\377\0006\000.\0001\0008\000.\0002\000.\0002\000\040\000t\000e\000x\000t}{subsection.6.18.2}% 202
\BOOKMARK [1][-]{section.6.19}{\376\377\0006\000.\0001\0009\000\040\000S\000n\000i\000p\000p\000e\000t\000F\000o\000r\000m\000\040\000C\000l\000a\000s\000s\000\040\000R\000e\000f\000e\000r\000e\000n\000c\000e}{chapter.6}% 203
\BOOKMARK [1][-]{section.6.20}{\376\377\0006\000.\0002\0000\000\040\000T\000e\000s\000t\000\040\000C\000l\000a\000s\000s\000\040\000R\000e\000f\000e\000r\000e\000n\000c\000e}{chapter.6}% 204
\BOOKMARK [2][-]{subsection.6.20.1}{\376\377\0006\000.\0002\0000\000.\0001\000\040\000M\000e\000m\000b\000e\000r\000\040\000F\000u\000n\000c\000t\000i\000o\000n\000\040\000D\000o\000c\000u\000m\000e\000n\000t\000a\000t\000i\000o\000n}{section.6.20}% 205
\BOOKMARK [3][-]{subsubsection.6.20.1.1}{\376\377\0006\000.\0002\0000\000.\0001\000.\0001\000\040\000m\000a\000i\000n\000\050\000\051}{subsection.6.20.1}% 206
\BOOKMARK [1][-]{section.6.21}{\376\377\0006\000.\0002\0001\000\040\000U\000s\000e\000r\000R\000e\000g\000i\000s\000t\000e\000r\000F\000o\000r\000m\000\040\000C\000l\000a\000s\000s\000\040\000R\000e\000f\000e\000r\000e\000n\000c\000e}{chapter.6}% 207
\BOOKMARK [2][-]{subsection.6.21.1}{\376\377\0006\000.\0002\0001\000.\0001\000\040\000M\000e\000m\000b\000e\000r\000\040\000D\000a\000t\000a\000\040\000D\000o\000c\000u\000m\000e\000n\000t\000a\000t\000i\000o\000n}{section.6.21}% 208
\BOOKMARK [3][-]{subsubsection.6.21.1.1}{\376\377\0006\000.\0002\0001\000.\0001\000.\0001\000\040\000e\000m\000a\000i\000l}{subsection.6.21.1}% 209
\BOOKMARK [1][-]{section.6.22}{\376\377\0006\000.\0002\0002\000\040\000U\000s\000e\000r\000s\000C\000o\000n\000f\000i\000g\000\040\000C\000l\000a\000s\000s\000\040\000R\000e\000f\000e\000r\000e\000n\000c\000e}{chapter.6}% 210
\BOOKMARK [2][-]{subsection.6.22.1}{\376\377\0006\000.\0002\0002\000.\0001\000\040\000M\000e\000m\000b\000e\000r\000\040\000F\000u\000n\000c\000t\000i\000o\000n\000\040\000D\000o\000c\000u\000m\000e\000n\000t\000a\000t\000i\000o\000n}{section.6.22}% 211
\BOOKMARK [3][-]{subsubsection.6.22.1.1}{\376\377\0006\000.\0002\0002\000.\0001\000.\0001\000\040\000r\000e\000a\000d\000y\000\050\000\051}{subsection.6.22.1}% 212
\BOOKMARK [2][-]{subsection.6.22.2}{\376\377\0006\000.\0002\0002\000.\0002\000\040\000M\000e\000m\000b\000e\000r\000\040\000D\000a\000t\000a\000\040\000D\000o\000c\000u\000m\000e\000n\000t\000a\000t\000i\000o\000n}{section.6.22}% 213
\BOOKMARK [3][-]{subsubsection.6.22.2.1}{\376\377\0006\000.\0002\0002\000.\0002\000.\0001\000\040\000n\000a\000m\000e}{subsection.6.22.2}% 214
\BOOKMARK [1][-]{section.6.23}{\376\377\0006\000.\0002\0003\000\040\000U\000s\000e\000r\000U\000p\000d\000a\000t\000e\000F\000o\000r\000m\000\040\000C\000l\000a\000s\000s\000\040\000R\000e\000f\000e\000r\000e\000n\000c\000e}{chapter.6}% 215
\BOOKMARK [2][-]{subsection.6.23.1}{\376\377\0006\000.\0002\0003\000.\0001\000\040\000M\000e\000m\000b\000e\000r\000\040\000D\000a\000t\000a\000\040\000D\000o\000c\000u\000m\000e\000n\000t\000a\000t\000i\000o\000n}{section.6.23}% 216
\BOOKMARK [3][-]{subsubsection.6.23.1.1}{\376\377\0006\000.\0002\0003\000.\0001\000.\0001\000\040\000e\000m\000a\000i\000l}{subsection.6.23.1}% 217
\BOOKMARK [0][-]{chapter.7}{\376\377\0007\000\040\000F\000i\000l\000e\000\040\000D\000o\000c\000u\000m\000e\000n\000t\000a\000t\000i\000o\000n}{}% 218
\BOOKMARK [1][-]{section.7.1}{\376\377\0007\000.\0001\000\040\000b\000l\000o\000g\000/\000\137\000\137\000i\000n\000i\000t\000\137\000\137\000.\000p\000y\000\040\000F\000i\000l\000e\000\040\000R\000e\000f\000e\000r\000e\000n\000c\000e}{chapter.7}% 219
\BOOKMARK [1][-]{section.7.2}{\376\377\0007\000.\0002\000\040\000b\000l\000o\000g\000/\000m\000i\000g\000r\000a\000t\000i\000o\000n\000s\000/\000\137\000\137\000i\000n\000i\000t\000\137\000\137\000.\000p\000y\000\040\000F\000i\000l\000e\000\040\000R\000e\000f\000e\000r\000e\000n\000c\000e}{chapter.7}% 220
\BOOKMARK [1][-]{section.7.3}{\376\377\0007\000.\0003\000\040\000d\000j\000a\000n\000g\000o\000\137\000p\000r\000o\000j\000e\000c\000t\000/\000\137\000\137\000i\000n\000i\000t\000\137\000\137\000.\000p\000y\000\040\000F\000i\000l\000e\000\040\000R\000e\000f\000e\000r\000e\000n\000c\000e}{chapter.7}% 221
\BOOKMARK [1][-]{section.7.4}{\376\377\0007\000.\0004\000\040\000u\000s\000e\000r\000s\000/\000\137\000\137\000i\000n\000i\000t\000\137\000\137\000.\000p\000y\000\040\000F\000i\000l\000e\000\040\000R\000e\000f\000e\000r\000e\000n\000c\000e}{chapter.7}% 222
\BOOKMARK [1][-]{section.7.5}{\376\377\0007\000.\0005\000\040\000u\000s\000e\000r\000s\000/\000m\000i\000g\000r\000a\000t\000i\000o\000n\000s\000/\000\137\000\137\000i\000n\000i\000t\000\137\000\137\000.\000p\000y\000\040\000F\000i\000l\000e\000\040\000R\000e\000f\000e\000r\000e\000n\000c\000e}{chapter.7}% 223
\BOOKMARK [1][-]{section.7.6}{\376\377\0007\000.\0006\000\040\000b\000l\000o\000g\000/\000a\000d\000m\000i\000n\000.\000p\000y\000\040\000F\000i\000l\000e\000\040\000R\000e\000f\000e\000r\000e\000n\000c\000e}{chapter.7}% 224
\BOOKMARK [1][-]{section.7.7}{\376\377\0007\000.\0007\000\040\000u\000s\000e\000r\000s\000/\000a\000d\000m\000i\000n\000.\000p\000y\000\040\000F\000i\000l\000e\000\040\000R\000e\000f\000e\000r\000e\000n\000c\000e}{chapter.7}% 225
\BOOKMARK [1][-]{section.7.8}{\376\377\0007\000.\0008\000\040\000b\000l\000o\000g\000/\000a\000p\000p\000s\000.\000p\000y\000\040\000F\000i\000l\000e\000\040\000R\000e\000f\000e\000r\000e\000n\000c\000e}{chapter.7}% 226
\BOOKMARK [1][-]{section.7.9}{\376\377\0007\000.\0009\000\040\000u\000s\000e\000r\000s\000/\000a\000p\000p\000s\000.\000p\000y\000\040\000F\000i\000l\000e\000\040\000R\000e\000f\000e\000r\000e\000n\000c\000e}{chapter.7}% 227
\BOOKMARK [1][-]{section.7.10}{\376\377\0007\000.\0001\0000\000\040\000b\000l\000o\000g\000/\000f\000o\000r\000m\000s\000.\000p\000y\000\040\000F\000i\000l\000e\000\040\000R\000e\000f\000e\000r\000e\000n\000c\000e}{chapter.7}% 228
\BOOKMARK [1][-]{section.7.11}{\376\377\0007\000.\0001\0001\000\040\000u\000s\000e\000r\000s\000/\000f\000o\000r\000m\000s\000.\000p\000y\000\040\000F\000i\000l\000e\000\040\000R\000e\000f\000e\000r\000e\000n\000c\000e}{chapter.7}% 229
\BOOKMARK [1][-]{section.7.12}{\376\377\0007\000.\0001\0002\000\040\000b\000l\000o\000g\000/\000m\000i\000g\000r\000a\000t\000i\000o\000n\000s\000/\0000\0000\0000\0001\000\137\000i\000n\000i\000t\000i\000a\000l\000.\000p\000y\000\040\000F\000i\000l\000e\000\040\000R\000e\000f\000e\000r\000e\000n\000c\000e}{chapter.7}% 230
\BOOKMARK [1][-]{section.7.13}{\376\377\0007\000.\0001\0003\000\040\000u\000s\000e\000r\000s\000/\000m\000i\000g\000r\000a\000t\000i\000o\000n\000s\000/\0000\0000\0000\0001\000\137\000i\000n\000i\000t\000i\000a\000l\000.\000p\000y\000\040\000F\000i\000l\000e\000\040\000R\000e\000f\000e\000r\000e\000n\000c\000e}{chapter.7}% 231
\BOOKMARK [1][-]{section.7.14}{\376\377\0007\000.\0001\0004\000\040\000b\000l\000o\000g\000/\000m\000i\000g\000r\000a\000t\000i\000o\000n\000s\000/\0000\0000\0000\0002\000\137\000a\000u\000t\000o\000\137\0002\0000\0002\0000\0001\0002\0000\0006\000\137\0001\0005\0002\0007\000.\000p\000y\000\040\000F\000i\000l\000e\000\040\000R\000e\000f\000e\000r\000e\000n\000c\000e}{chapter.7}% 232
\BOOKMARK [1][-]{section.7.15}{\376\377\0007\000.\0001\0005\000\040\000b\000l\000o\000g\000/\000m\000o\000d\000e\000l\000s\000.\000p\000y\000\040\000F\000i\000l\000e\000\040\000R\000e\000f\000e\000r\000e\000n\000c\000e}{chapter.7}% 233
\BOOKMARK [1][-]{section.7.16}{\376\377\0007\000.\0001\0006\000\040\000u\000s\000e\000r\000s\000/\000m\000o\000d\000e\000l\000s\000.\000p\000y\000\040\000F\000i\000l\000e\000\040\000R\000e\000f\000e\000r\000e\000n\000c\000e}{chapter.7}% 234
\BOOKMARK [1][-]{section.7.17}{\376\377\0007\000.\0001\0007\000\040\000b\000l\000o\000g\000/\000t\000e\000s\000t\000s\000.\000p\000y\000\040\000F\000i\000l\000e\000\040\000R\000e\000f\000e\000r\000e\000n\000c\000e}{chapter.7}% 235
\BOOKMARK [1][-]{section.7.18}{\376\377\0007\000.\0001\0008\000\040\000u\000s\000e\000r\000s\000/\000t\000e\000s\000t\000s\000.\000p\000y\000\040\000F\000i\000l\000e\000\040\000R\000e\000f\000e\000r\000e\000n\000c\000e}{chapter.7}% 236
\BOOKMARK [1][-]{section.7.19}{\376\377\0007\000.\0001\0009\000\040\000b\000l\000o\000g\000/\000u\000r\000l\000s\000.\000p\000y\000\040\000F\000i\000l\000e\000\040\000R\000e\000f\000e\000r\000e\000n\000c\000e}{chapter.7}% 237
\BOOKMARK [1][-]{section.7.20}{\376\377\0007\000.\0002\0000\000\040\000d\000j\000a\000n\000g\000o\000\137\000p\000r\000o\000j\000e\000c\000t\000/\000u\000r\000l\000s\000.\000p\000y\000\040\000F\000i\000l\000e\000\040\000R\000e\000f\000e\000r\000e\000n\000c\000e}{chapter.7}% 238
\BOOKMARK [1][-]{section.7.21}{\376\377\0007\000.\0002\0001\000\040\000b\000l\000o\000g\000/\000v\000i\000e\000w\000s\000.\000p\000y\000\040\000F\000i\000l\000e\000\040\000R\000e\000f\000e\000r\000e\000n\000c\000e}{chapter.7}% 239
\BOOKMARK [1][-]{section.7.22}{\376\377\0007\000.\0002\0002\000\040\000u\000s\000e\000r\000s\000/\000v\000i\000e\000w\000s\000.\000p\000y\000\040\000F\000i\000l\000e\000\040\000R\000e\000f\000e\000r\000e\000n\000c\000e}{chapter.7}% 240
\BOOKMARK [1][-]{section.7.23}{\376\377\0007\000.\0002\0003\000\040\000C\000o\000d\000e\000F\000i\000l\000e\000s\000/\0002\0000\000/\000a\000b\000c\000.\000c\000p\000p\000\040\000F\000i\000l\000e\000\040\000R\000e\000f\000e\000r\000e\000n\000c\000e}{chapter.7}% 241
\BOOKMARK [1][-]{section.7.24}{\376\377\0007\000.\0002\0004\000\040\000C\000o\000d\000e\000F\000i\000l\000e\000s\000/\0002\0000\000/\000e\000l\000e\000.\000c\000p\000p\000\040\000F\000i\000l\000e\000\040\000R\000e\000f\000e\000r\000e\000n\000c\000e}{chapter.7}% 242
\BOOKMARK [2][-]{subsection.7.24.1}{\376\377\0007\000.\0002\0004\000.\0001\000\040\000F\000u\000n\000c\000t\000i\000o\000n\000\040\000D\000o\000c\000u\000m\000e\000n\000t\000a\000t\000i\000o\000n}{section.7.24}% 243
\BOOKMARK [3][-]{subsubsection.7.24.1.1}{\376\377\0007\000.\0002\0004\000.\0001\000.\0001\000\040\000m\000a\000i\000n\000\050\000\051}{subsection.7.24.1}% 244
\BOOKMARK [1][-]{section.7.25}{\376\377\0007\000.\0002\0005\000\040\000C\000o\000d\000e\000F\000i\000l\000e\000s\000/\0002\0000\000/\000h\000e\000l\000l\000o\000.\000c\000p\000p\000\040\000F\000i\000l\000e\000\040\000R\000e\000f\000e\000r\000e\000n\000c\000e}{chapter.7}% 245
\BOOKMARK [1][-]{section.7.26}{\376\377\0007\000.\0002\0006\000\040\000C\000o\000d\000e\000F\000i\000l\000e\000s\000/\0002\0001\000/\000h\000e\000l\000l\000o\000.\000c\000p\000p\000\040\000F\000i\000l\000e\000\040\000R\000e\000f\000e\000r\000e\000n\000c\000e}{chapter.7}% 246
\BOOKMARK [1][-]{section.7.27}{\376\377\0007\000.\0002\0007\000\040\000C\000o\000d\000e\000F\000i\000l\000e\000s\000/\0002\0000\000/\000h\000e\000l\000l\000o\0002\000.\000c\000p\000p\000\040\000F\000i\000l\000e\000\040\000R\000e\000f\000e\000r\000e\000n\000c\000e}{chapter.7}% 247
\BOOKMARK [1][-]{section.7.28}{\376\377\0007\000.\0002\0008\000\040\000C\000o\000d\000e\000F\000i\000l\000e\000s\000/\0002\0000\000/\000t\000e\000s\000t\000.\000c\000p\000p\000\040\000F\000i\000l\000e\000\040\000R\000e\000f\000e\000r\000e\000n\000c\000e}{chapter.7}% 248
\BOOKMARK [2][-]{subsection.7.28.1}{\376\377\0007\000.\0002\0008\000.\0001\000\040\000F\000u\000n\000c\000t\000i\000o\000n\000\040\000D\000o\000c\000u\000m\000e\000n\000t\000a\000t\000i\000o\000n}{section.7.28}% 249
\BOOKMARK [3][-]{subsubsection.7.28.1.1}{\376\377\0007\000.\0002\0008\000.\0001\000.\0001\000\040\000m\000a\000i\000n\000\050\000\051}{subsection.7.28.1}% 250
\BOOKMARK [1][-]{section.7.29}{\376\377\0007\000.\0002\0009\000\040\000C\000o\000d\000e\000F\000i\000l\000e\000s\000/\0002\0001\000/\000t\000e\000s\000t\000.\000c\000p\000p\000\040\000F\000i\000l\000e\000\040\000R\000e\000f\000e\000r\000e\000n\000c\000e}{chapter.7}% 251
\BOOKMARK [2][-]{subsection.7.29.1}{\376\377\0007\000.\0002\0009\000.\0001\000\040\000F\000u\000n\000c\000t\000i\000o\000n\000\040\000D\000o\000c\000u\000m\000e\000n\000t\000a\000t\000i\000o\000n}{section.7.29}% 252
\BOOKMARK [3][-]{subsubsection.7.29.1.1}{\376\377\0007\000.\0002\0009\000.\0001\000.\0001\000\040\000m\000a\000i\000n\000\050\000\051}{subsection.7.29.1}% 253
\BOOKMARK [1][-]{section.7.30}{\376\377\0007\000.\0003\0000\000\040\000C\000o\000d\000e\000F\000i\000l\000e\000s\000/\000t\000e\000s\000t\000.\000c\000p\000p\000\040\000F\000i\000l\000e\000\040\000R\000e\000f\000e\000r\000e\000n\000c\000e}{chapter.7}% 254
\BOOKMARK [2][-]{subsection.7.30.1}{\376\377\0007\000.\0003\0000\000.\0001\000\040\000F\000u\000n\000c\000t\000i\000o\000n\000\040\000D\000o\000c\000u\000m\000e\000n\000t\000a\000t\000i\000o\000n}{section.7.30}% 255
\BOOKMARK [3][-]{subsubsection.7.30.1.1}{\376\377\0007\000.\0003\0000\000.\0001\000.\0001\000\040\000m\000a\000i\000n\000\050\000\051}{subsection.7.30.1}% 256
\BOOKMARK [1][-]{section.7.31}{\376\377\0007\000.\0003\0001\000\040\000C\000o\000d\000e\000F\000i\000l\000e\000s\000/\0002\0000\000/\000t\000i\000m\000e\000.\000p\000y\000\040\000F\000i\000l\000e\000\040\000R\000e\000f\000e\000r\000e\000n\000c\000e}{chapter.7}% 257
\BOOKMARK [1][-]{section.7.32}{\376\377\0007\000.\0003\0002\000\040\000C\000o\000d\000e\000F\000i\000l\000e\000s\000/\0002\0001\000/\000o\000k\000.\000p\000y\000\040\000F\000i\000l\000e\000\040\000R\000e\000f\000e\000r\000e\000n\000c\000e}{chapter.7}% 258
\BOOKMARK [1][-]{section.7.33}{\376\377\0007\000.\0003\0003\000\040\000C\000o\000d\000e\000F\000i\000l\000e\000s\000/\0002\0001\000/\000s\000a\000m\000p\000l\000e\000.\000c\000p\000p\000\040\000F\000i\000l\000e\000\040\000R\000e\000f\000e\000r\000e\000n\000c\000e}{chapter.7}% 259
\BOOKMARK [2][-]{subsection.7.33.1}{\376\377\0007\000.\0003\0003\000.\0001\000\040\000F\000u\000n\000c\000t\000i\000o\000n\000\040\000D\000o\000c\000u\000m\000e\000n\000t\000a\000t\000i\000o\000n}{section.7.33}% 260
\BOOKMARK [3][-]{subsubsection.7.33.1.1}{\376\377\0007\000.\0003\0003\000.\0001\000.\0001\000\040\000m\000a\000i\000n\000\050\000\051}{subsection.7.33.1}% 261
\BOOKMARK [1][-]{section.7.34}{\376\377\0007\000.\0003\0004\000\040\000C\000o\000d\000e\000F\000i\000l\000e\000s\000/\0002\0001\000/\000s\000u\000b\000f\000o\000l\000d\000e\000r\000/\000h\000e\000l\000o\000o\0003\000.\000c\000p\000p\000\040\000F\000i\000l\000e\000\040\000R\000e\000f\000e\000r\000e\000n\000c\000e}{chapter.7}% 262
\BOOKMARK [1][-]{section.7.35}{\376\377\0007\000.\0003\0005\000\040\000C\000o\000d\000e\000F\000i\000l\000e\000s\000/\0002\0001\000/\000s\000u\000b\000f\000o\000l\000d\000e\000r\000/\000s\000u\000b\000.\000c\000p\000p\000\040\000F\000i\000l\000e\000\040\000R\000e\000f\000e\000r\000e\000n\000c\000e}{chapter.7}% 263
\BOOKMARK [1][-]{section.7.36}{\376\377\0007\000.\0003\0006\000\040\000C\000o\000d\000e\000F\000i\000l\000e\000s\000/\0002\0001\000/\000s\000u\000b\000f\000o\000l\000d\000e\000r\000/\000s\000u\000b\000f\000i\000l\000e\000.\000c\000p\000p\000\040\000F\000i\000l\000e\000\040\000R\000e\000f\000e\000r\000e\000n\000c\000e}{chapter.7}% 264
\BOOKMARK [1][-]{section.7.37}{\376\377\0007\000.\0003\0007\000\040\000C\000o\000d\000e\000F\000i\000l\000e\000s\000/\0002\0001\000/\000s\000u\000b\000f\000o\000l\000d\000e\000r\000/\000t\000r\000y\000.\000c\000p\000p\000\040\000F\000i\000l\000e\000\040\000R\000e\000f\000e\000r\000e\000n\000c\000e}{chapter.7}% 265
\BOOKMARK [1][-]{section.7.38}{\376\377\0007\000.\0003\0008\000\040\000C\000o\000d\000e\000F\000i\000l\000e\000s\000/\0002\0001\000/\000t\000e\000s\000t\000.\000p\000y\000\040\000F\000i\000l\000e\000\040\000R\000e\000f\000e\000r\000e\000n\000c\000e}{chapter.7}% 266
\BOOKMARK [1][-]{section.7.39}{\376\377\0007\000.\0003\0009\000\040\000C\000o\000d\000e\000F\000i\000l\000e\000s\000/\0002\0002\000/\000c\000o\000o\000o\000l\000.\000c\000p\000p\000\040\000F\000i\000l\000e\000\040\000R\000e\000f\000e\000r\000e\000n\000c\000e}{chapter.7}% 267
\BOOKMARK [1][-]{section.7.40}{\376\377\0007\000.\0004\0000\000\040\000C\000o\000d\000e\000F\000i\000l\000e\000s\000/\0002\0002\000/\000T\000e\000s\000t\000.\000j\000a\000v\000a\000\040\000F\000i\000l\000e\000\040\000R\000e\000f\000e\000r\000e\000n\000c\000e}{chapter.7}% 268
\BOOKMARK [1][-]{section.7.41}{\376\377\0007\000.\0004\0001\000\040\000d\000j\000a\000n\000g\000o\000\137\000p\000r\000o\000j\000e\000c\000t\000/\000a\000s\000g\000i\000.\000p\000y\000\040\000F\000i\000l\000e\000\040\000R\000e\000f\000e\000r\000e\000n\000c\000e}{chapter.7}% 269
\BOOKMARK [1][-]{section.7.42}{\376\377\0007\000.\0004\0002\000\040\000d\000j\000a\000n\000g\000o\000\137\000p\000r\000o\000j\000e\000c\000t\000/\000s\000e\000t\000t\000i\000n\000g\000s\000.\000p\000y\000\040\000F\000i\000l\000e\000\040\000R\000e\000f\000e\000r\000e\000n\000c\000e}{chapter.7}% 270
\BOOKMARK [1][-]{section.7.43}{\376\377\0007\000.\0004\0003\000\040\000d\000j\000a\000n\000g\000o\000\137\000p\000r\000o\000j\000e\000c\000t\000/\000w\000s\000g\000i\000.\000p\000y\000\040\000F\000i\000l\000e\000\040\000R\000e\000f\000e\000r\000e\000n\000c\000e}{chapter.7}% 271
\BOOKMARK [1][-]{section.7.44}{\376\377\0007\000.\0004\0004\000\040\000m\000a\000n\000a\000g\000e\000.\000p\000y\000\040\000F\000i\000l\000e\000\040\000R\000e\000f\000e\000r\000e\000n\000c\000e}{chapter.7}% 272
\BOOKMARK [1][-]{section.7.45}{\376\377\0007\000.\0004\0005\000\040\000u\000s\000e\000r\000s\000/\000m\000i\000g\000r\000a\000t\000i\000o\000n\000s\000/\0000\0000\0000\0002\000\137\000s\000n\000i\000p\000p\000e\000t\000.\000p\000y\000\040\000F\000i\000l\000e\000\040\000R\000e\000f\000e\000r\000e\000n\000c\000e}{chapter.7}% 273
\BOOKMARK [1][-]{section.7.46}{\376\377\0007\000.\0004\0006\000\040\000u\000s\000e\000r\000s\000/\000s\000i\000g\000n\000a\000l\000s\000.\000p\000y\000\040\000F\000i\000l\000e\000\040\000R\000e\000f\000e\000r\000e\000n\000c\000e}{chapter.7}% 274
\BOOKMARK [0][-]{section*.126}{\376\377\000I\000n\000d\000e\000x}{}% 275
